<?xml version="1.0" encoding="UTF-8"?>
<testng-results skipped="0" failed="0" ignored="0" total="1" passed="1">
  <reporter-output>
  </reporter-output>
  <suite name="Default suite" duration-ms="35210" started-at="2021-02-19T14:39:29Z" finished-at="2021-02-19T14:40:04Z">
    <groups>
    </groups>
    <test name="Default test" duration-ms="35210" started-at="2021-02-19T14:39:29Z" finished-at="2021-02-19T14:40:04Z">
      <class name="Mobile_Automation.Mobile_Automation_Framework.TestCase_006_Integration_Test_Open_WebBrowser">
        <test-method status="PASS" signature="Total_Sum_Validation()[pri:0, instance:Mobile_Automation.Mobile_Automation_Framework.TestCase_006_Integration_Test_Open_WebBrowser@6a28ffa4]" name="Total_Sum_Validation" duration-ms="35176" started-at="2021-02-19T14:39:29Z" finished-at="2021-02-19T14:40:04Z">
          <reporter-output>
          </reporter-output>
        </test-method> <!-- Total_Sum_Validation -->
      </class> <!-- Mobile_Automation.Mobile_Automation_Framework.TestCase_006_Integration_Test_Open_WebBrowser -->
    </test> <!-- Default test -->
  </suite> <!-- Default suite -->
</testng-results>
